#
# A fatal error has been detected by the Java Runtime Environment:
#
#  EXCEPTION_ACCESS_VIOLATION (0xc0000005) at pc=0x00007fffe233851e, pid=17784, tid=11552
#
# JRE version: Java(TM) SE Runtime Environment (21.0.7+8) (build 21.0.7+8-LTS-245)
# Java VM: Java HotSpot(TM) 64-Bit Server VM (21.0.7+8-LTS-245, mixed mode, sharing, tiered, compressed oops, compressed class ptrs, g1 gc, windows-amd64)
# Problematic frame:
# V  [jvm.dll+0x31851e]
#
# No core dump will be written. Minidumps are not enabled by default on client versions of Windows
#
# If you would like to submit a bug report, please visit:
#   https://bugreport.java.com/bugreport/crash.jsp
#

---------------  S U M M A R Y ------------

Command Line: br.edu.fesa.bootcampduo.BootcampduoApplication

Host: Intel(R) Core(TM) i5-8265U CPU @ 1.60GHz, 8 cores, 7G,  Windows 11 , 64 bit Build 26100 (10.0.26100.3912)
Time: Mon May 19 00:20:12 2025 Hora oficial do Brasil elapsed time: 304.829494 seconds (0d 0h 5m 4s)

---------------  T H R E A D  ---------------

Current thread (0x000001fd160bf370):  WorkerThread "GC Thread#5"    [id=11552, stack(0x0000002436e00000,0x0000002436f00000) (1024K)]

Stack: [0x0000002436e00000,0x0000002436f00000],  sp=0x0000002436eff800,  free space=1022k
Native frames: (J=compiled Java code, j=interpreted, Vv=VM code, C=native code)
V  [jvm.dll+0x31851e]
V  [jvm.dll+0x33fc79]
V  [jvm.dll+0x33ddaa]
V  [jvm.dll+0x34549d]
V  [jvm.dll+0x344f0e]
V  [jvm.dll+0x344cde]
V  [jvm.dll+0x3445bb]
V  [jvm.dll+0x8834d7]
V  [jvm.dll+0x7ffa1b]
V  [jvm.dll+0x6c94fd]
C  [ucrtbase.dll+0x37b0]
C  [KERNEL32.DLL+0x2e8d7]
C  [ntdll.dll+0x9c5dc]


siginfo: EXCEPTION_ACCESS_VIOLATION (0xc0000005), reading address 0x000001fccd694ab8


Registers:
RAX=0x000001fccb730000, RBX=0x000001fcb37f20a0, RCX=0x000000000000003d, RDX=0x0000000000000001
RSP=0x0000002436eff800, RBP=0x00000000841ccae0, RSI=0x000001fd1a19a550, RDI=0x000000000fb255fd
R8 =0x000001fccd694ab8, R9 =0x0000000000000002, R10=0x000000000000004d, R11=0x0000000000000004
R12=0x000001fcd1092060, R13=0x00000000841ccac8, R14=0x000001fcd1092058, R15=0x000001fd1a19ab00
RIP=0x00007fffe233851e, EFLAGS=0x0000000000010202


Register to memory mapping:

RAX=0x000001fccb730000 points into unknown readable memory: 0x0000000000000001 | 01 00 00 00 00 00 00 00
RBX=0x000001fcb37f20a0 points into unknown readable memory: 0x00007fffe29f4168 | 68 41 9f e2 ff 7f 00 00
RCX=0x000000000000003d is an unknown value
RDX=0x0000000000000001 is an unknown value
RSP=0x0000002436eff800 points into unknown readable memory: 0x000001fd1a19a550 | 50 a5 19 1a fd 01 00 00
RBP=0x00000000841ccae0 is an oop: [Ljava.lang.Object; 
{0x00000000841ccae0} - klass: 'java/lang/Object'[]
 - length: 3
RSI=0x000001fd1a19a550 points into unknown readable memory: 0x0000002435cfef60 | 60 ef cf 35 24 00 00 00
RDI=0x000000000fb255fd is an unknown value
R8 =0x000001fccd694ab8 is an unknown value
R9 =0x0000000000000002 is an unknown value
R10=0x000000000000004d is an unknown value
R11=0x0000000000000004 is an unknown value
R12={method} {0x000001fcd1092068} 'equals' '(Ljava/lang/Object;)Z' in 'java/lang/invoke/LambdaForm$NamedFunction'
R13=0x00000000841ccac8 is an oop: java.lang.invoke.LambdaForm$NamedFunction 
{0x00000000841ccac8} - klass: 'java/lang/invoke/LambdaForm$NamedFunction'
 - ---- fields (total size 3 words):
 - final 'member' 'Ljava/lang/invoke/MemberName;' @12  
[error occurred during error reporting (printing register info), id 0xc0000005, EXCEPTION_ACCESS_VIOLATION (0xc0000005) at pc=0x00007fffe26d67fd]
R14=0x000001fcd1092058 is pointing into metadata
R15=0x000001fd1a19ab00 points into unknown readable memory: 0x00007fffe29f5780 | 80 57 9f e2 ff 7f 00 00

Top of Stack: (sp=0x0000002436eff800)
0x0000002436eff800:   000001fd1a19a550 00007fffe235fbe2
0x0000002436eff810:   000001fd1a19ab00 0000000082690700
0x0000002436eff820:   000001fd1a19a550 00007fffe235fc79
0x0000002436eff830:   00000000ff72afe8 00007fffe22412bc
0x0000002436eff840:   0000000000000001 0000000082ac4c20
0x0000002436eff850:   0000000082690700 00007fffe237b6f0
0x0000002436eff860:   00000000ff72afe8 00007fffe235ddaa
0x0000002436eff870:   000001fd1a19a550 00000000841ccad4
0x0000002436eff880:   000001fd1a19a550 00007fffe235fdad
0x0000002436eff890:   000000000000000c 00007fffe2bddd78
0x0000002436eff8a0:   0000000000000000 0000002435cff160
0x0000002436eff8b0:   000001fd1a19a550 00007fffe236549d
0x0000002436eff8c0:   0000000000000000 0000000000000005
0x0000002436eff8d0:   00000000841ccac8 00000000841cc9a8
0x0000002436eff8e0:   000000000000000c 0000000000000000
0x0000002436eff8f0:   00000000841cc968 0000000000000000
0x0000002436eff900:   000001fd1a19a550 00007fffe2364f0e
0x0000002436eff910:   000001fd1a19a550 0000000000000000
0x0000002436eff920:   000000000000000b 0000000000000000
0x0000002436eff930:   00000000841cc968 0000000000000000
0x0000002436eff940:   0000000000000000 0000000000000000
0x0000002436eff950:   000001fcd0244a10 000000000000000c
0x0000002436eff960:   0000002435cff148 0000002435cfe740
0x0000002436eff970:   000001fd1a19a550 00007fffe2364cde
0x0000002436eff980:   0000002435cfe600 00007fffe2384d17
0x0000002436eff990:   00007fffe2bddd78 0000002435cfe5e0
0x0000002436eff9a0:   000001fcd0244a20 00007fffe282a727
0x0000002436eff9b0:   0000000000000003 000001fd1a19a550
0x0000002436eff9c0:   00000000000003d8 000001fcd0244df8
0x0000002436eff9d0:   000001fcd0244a20 00007fffe23645bb
0x0000002436eff9e0:   000001fcd0bd52d0 000001fcd0244a10
0x0000002436eff9f0:   000001fd16040230 0000002435cfe5e0 

Instructions: (pc=0x00007fffe233851e)
0x00007fffe233841e:   38 f0 4c 01 04 c8 48 c7 42 08 00 00 00 00 44 89
0x00007fffe233842e:   12 49 ff 41 58 4c 01 5a 08 e9 4a ff ff ff 49 ff
0x00007fffe233843e:   41 50 4c 01 5a 08 e9 3d ff ff ff cc cc cc cc cc
0x00007fffe233844e:   cc cc 48 89 5c 24 08 57 48 83 ec 20 48 8b 01 48
0x00007fffe233845e:   8b fa 48 8b d9 ff 50 08 4c 8b c8 48 85 c0 74 66
0x00007fffe233846e:   4c 8b 40 10 4c 2b 00 48 c7 40 28 00 00 00 00 4c
0x00007fffe233847e:   89 43 18 48 8b 50 10 48 8b 48 08 48 8b c7 48 2b
0x00007fffe233848e:   ca 48 c1 e9 03 48 3b cf 48 0f 42 c1 48 3b c7 72
0x00007fffe233849e:   1e 48 8d 04 c2 49 89 41 10 90 ff 43 10 48 8b c2
0x00007fffe23384ae:   4c 89 4b 08 48 8b 5c 24 30 48 83 c4 20 5f c3 33
0x00007fffe23384be:   d2 90 ff 43 10 8b c2 4c 89 4b 08 48 8b 5c 24 30
0x00007fffe23384ce:   48 83 c4 20 5f c3 48 8b 5c 24 30 48 83 c4 20 5f
0x00007fffe23384de:   c3 cc 48 89 5c 24 08 57 48 83 ec 20 48 8b 01 48
0x00007fffe23384ee:   8b fa 48 8b d9 ff 10 48 2b 7b 08 8b 4b 18 48 8b
0x00007fffe23384fe:   43 20 48 c1 ef 03 48 d3 ef 40 0f b6 cf 48 8b d7
0x00007fffe233850e:   48 c1 ea 06 80 e1 3f 4c 8d 04 d0 ba 01 00 00 00
0x00007fffe233851e:   49 8b 00 48 d3 e2 48 8b c8 48 0b ca 48 3b c8 74
0x00007fffe233852e:   13 90 f0 49 0f b1 08 74 18 48 8b c8 48 0b ca 48
0x00007fffe233853e:   3b c8 75 ee 32 c0 48 8b 5c 24 30 48 83 c4 20 5f
0x00007fffe233854e:   c3 48 8b 5c 24 30 b0 01 48 83 c4 20 5f c3 cc cc
0x00007fffe233855e:   cc cc 48 89 5c 24 08 57 48 83 ec 20 4c 8b 41 30
0x00007fffe233856e:   48 8b da 48 8b f9 45 8b 88 80 00 00 00 41 8b 80
0x00007fffe233857e:   00 01 00 00 41 8b d1 2b d0 81 e2 ff ff 01 00 81
0x00007fffe233858e:   fa fe ff 01 00 73 26 49 8b 80 80 01 00 00 4a 89
0x00007fffe233859e:   1c c8 41 8d 41 01 25 ff ff 01 00 41 89 80 80 00
0x00007fffe23385ae:   00 00 48 8b 5c 24 30 48 83 c4 20 5f c3 e8 90 af
0x00007fffe23385be:   01 00 48 8b 57 30 44 8b 82 80 00 00 00 8b 82 00
0x00007fffe23385ce:   01 00 00 41 8b c8 2b c8 81 e1 ff ff 01 00 81 f9
0x00007fffe23385de:   fe ff 01 00 73 1a 48 8b 82 80 01 00 00 4a 89 1c
0x00007fffe23385ee:   c0 41 8d 40 01 25 ff ff 01 00 89 82 80 00 00 00
0x00007fffe23385fe:   48 8b 5c 24 30 48 83 c4 20 5f c3 cc cc cc cc cc
0x00007fffe233860e:   cc cc 48 89 5c 24 08 57 48 83 ec 20 48 8b 79 08 


Stack slot to memory mapping:

stack at sp + 0 slots: 0x000001fd1a19a550 points into unknown readable memory: 0x0000002435cfef60 | 60 ef cf 35 24 00 00 00
stack at sp + 1 slots: 0x00007fffe235fbe2 jvm.dll
stack at sp + 2 slots: 0x000001fd1a19ab00 points into unknown readable memory: 0x00007fffe29f5780 | 80 57 9f e2 ff 7f 00 00
stack at sp + 3 slots: 0x0000000082690700 is an oop: java.lang.Class 
{0x0000000082690700} - klass: 'java/lang/Class'
 - ---- fields (total size 15 words):
 - private volatile transient 'classRedefinedCount' 'I' @12  0 (0x00000000)
 - injected 'klass' 'J' @16  2185370289152 (0x000001fcd2384400)
 - injected 'array_klass' 'J' @24  0 (0x0000000000000000)
 - injected 'oop_size' 'I' @32  15 (0x0000000f)
 - injected 'static_oop_field_count' 'I' @36  1 (0x00000001)
 - private volatile transient 'cachedConstructor' 'Ljava/lang/reflect/Constructor;' @40  null (0x00000000)
 - private transient 'name' 'Ljava/lang/String;' @44  null (0x00000000)
 - private transient 'module' 'Ljava/lang/Module;' @48  a 'java/lang/Module'{0x000000008229bc88} (0x8229bc88)
 - private final 'classLoader' 'Ljava/lang/ClassLoader;' @52  null (0x00000000)
 - private transient 'classData' 'Ljava/lang/Object;' @56  a 'java/lang/invoke/LambdaForm'{0x00000000826941a0} => a 'java/lang/invoke/MemberName'{0x00000000826942e0} = {method} {0x000001fd13754a90} 'invokeStatic' '(Ljava/lang/Object;Ljava/lang/Object;Ljava/lang/Object;ILjava/lang/Object;)V' in 'java/lang/invoke/LambdaForm$DMH+0x000001fcd2384400' (0x826941a0)
 - private transient 'packageName' 'Ljava/lang/String;' @60  null (0x00000000)
 - private final 'componentType' 'Ljava/lang/Class;' @64  null (0x00000000)
 - private volatile transient 'reflectionData' 'Ljava/lang/ref/SoftReference;' @68  null (0x00000000)
 - private volatile transient 'genericInfo' 'Lsun/reflect/generics/repository/ClassRepository;' @72  null (0x00000000)
 - private volatile transient 'enumConstants' '[Ljava/lang/Object;' @76  null (0x00000000)
 - private volatile transient 'enumConstantDirectory' 'Ljava/util/Map;' @80  null (0x00000000)
 - private volatile transient 'annotationData' 'Ljava/lang/Class$AnnotationData;' @84  null (0x00000000)
 - private volatile transient 'annotationType' 'Lsun/reflect/annotation/AnnotationType;' @88  null (0x00000000)
 - transient 'classValueMap' 'Ljava/lang/ClassValue$ClassValueMap;' @92  null (0x00000000)
 - injected 'protection_domain' 'Ljava/lang/Object;' @96  null (0x00000000)
 - injected 'signers_name' 'Ljava/lang/Object;' @100  null (0x00000000)
 - injected 'source_file' 'Ljava/lang/Object;' @104  null (0x00000000)
 - injected '<init_lock>' 'Ljava/lang/Object;' @108  null (0x00000000)
 - signature: Ljava/lang/invoke/LambdaForm$DMH+0x000001fcd2384400;
 - ---- static fields (1):
 - static final '_D_0' 'Ljava/lang/invoke/LambdaForm;' @112  a 'java/lang/invoke/LambdaForm'{0x00000000826941a0} => a 'java/lang/invoke/MemberName'{0x00000000826942e0} = {method} {0x000001fd13754a90} 'invokeStatic' '(Ljava/lang/Object;Ljava/lang/Object;Ljava/lang/Object;ILjava/lang/Object;)V' in 'java/lang/invoke/LambdaForm$DMH+0x000001fcd2384400' (0x826941a0)
stack at sp + 4 slots: 0x000001fd1a19a550 points into unknown readable memory: 0x0000002435cfef60 | 60 ef cf 35 24 00 00 00
stack at sp + 5 slots: 0x00007fffe235fc79 jvm.dll
stack at sp + 6 slots: 0x00000000ff72afe8 is an unallocated location in the heap
stack at sp + 7 slots: 0x00007fffe22412bc jvm.dll


---------------  P R O C E S S  ---------------

Threads class SMR info:
_java_thread_list=0x000001fd1aa30ca0, length=14, elements={
0x000001fcd0163a90, 0x000001fcd0165250, 0x000001fcd016b1e0, 0x000001fcd016bc30,
0x000001fcd016d800, 0x000001fcd0171010, 0x000001fcd017c820, 0x000001fcd018a430,
0x000001fcd0306cc0, 0x000001fcd03214f0, 0x000001fd168cf5e0, 0x000001fd1a199830,
0x000001fd1a19b900, 0x000001fcd0189690
}

Java Threads: ( => current thread )
  0x000001fcd0163a90 JavaThread "Reference Handler"          daemon [_thread_blocked, id=20952, stack(0x0000002435d00000,0x0000002435e00000) (1024K)]
  0x000001fcd0165250 JavaThread "Finalizer"                  daemon [_thread_blocked, id=10728, stack(0x0000002435e00000,0x0000002435f00000) (1024K)]
  0x000001fcd016b1e0 JavaThread "Signal Dispatcher"          daemon [_thread_blocked, id=8280, stack(0x0000002435f00000,0x0000002436000000) (1024K)]
  0x000001fcd016bc30 JavaThread "Attach Listener"            daemon [_thread_blocked, id=9640, stack(0x0000002436000000,0x0000002436100000) (1024K)]
  0x000001fcd016d800 JavaThread "Service Thread"             daemon [_thread_blocked, id=20136, stack(0x0000002436100000,0x0000002436200000) (1024K)]
  0x000001fcd0171010 JavaThread "Monitor Deflation Thread"   daemon [_thread_blocked, id=11360, stack(0x0000002436200000,0x0000002436300000) (1024K)]
  0x000001fcd017c820 JavaThread "C2 CompilerThread0"         daemon [_thread_blocked, id=12316, stack(0x0000002436300000,0x0000002436400000) (1024K)]
  0x000001fcd018a430 JavaThread "C1 CompilerThread0"         daemon [_thread_blocked, id=20284, stack(0x0000002436400000,0x0000002436500000) (1024K)]
  0x000001fcd0306cc0 JavaThread "Notification Thread"        daemon [_thread_blocked, id=18556, stack(0x0000002436500000,0x0000002436600000) (1024K)]
  0x000001fcd03214f0 JavaThread "Common-Cleaner"             daemon [_thread_blocked, id=10928, stack(0x0000002436600000,0x0000002436700000) (1024K)]
  0x000001fd168cf5e0 JavaThread "Live Reload Server"         daemon [_thread_in_native, id=20520, stack(0x0000002437a00000,0x0000002437b00000) (1024K)]
  0x000001fd1a199830 JavaThread "DestroyJavaVM"                     [_thread_blocked, id=3552, stack(0x0000002435500000,0x0000002435600000) (1024K)]
  0x000001fd1a19b900 JavaThread "Thread-5"                          [_thread_blocked, id=1016, stack(0x0000002435300000,0x0000002435400000) (1024K)]
  0x000001fcd0189690 JavaThread "C2 CompilerThread1"         daemon [_thread_blocked, id=9036, stack(0x0000002435400000,0x0000002435500000) (1024K)]
Total: 14

Other Threads:
  0x000001fcb13e5980 VMThread "VM Thread"                           [id=12924, stack(0x0000002435c00000,0x0000002435d00000) (1024K)]
  0x000001fccfdf81e0 WatcherThread "VM Periodic Task Thread"        [id=17252, stack(0x0000002435b00000,0x0000002435c00000) (1024K)]
  0x000001fcb13e4b00 WorkerThread "GC Thread#0"                     [id=8520, stack(0x0000002435600000,0x0000002435700000) (1024K)]
  0x000001fcb13e4760 WorkerThread "GC Thread#1"                     [id=20776, stack(0x0000002436a00000,0x0000002436b00000) (1024K)]
  0x000001fcb13e4020 WorkerThread "GC Thread#2"                     [id=17224, stack(0x0000002436b00000,0x0000002436c00000) (1024K)]
  0x000001fcb13e43c0 WorkerThread "GC Thread#3"                     [id=10892, stack(0x0000002436c00000,0x0000002436d00000) (1024K)]
  0x000001fd160c01f0 WorkerThread "GC Thread#4"                     [id=9980, stack(0x0000002436d00000,0x0000002436e00000) (1024K)]
=>0x000001fd160bf370 WorkerThread "GC Thread#5"                     [id=11552, stack(0x0000002436e00000,0x0000002436f00000) (1024K)]
  0x000001fd160bec30 WorkerThread "GC Thread#6"                     [id=17696, stack(0x0000002437000000,0x0000002437100000) (1024K)]
  0x000001fd160bcb90 WorkerThread "GC Thread#7"                     [id=21076, stack(0x0000002437100000,0x0000002437200000) (1024K)]
  0x000001fcb38034e0 ConcurrentGCThread "G1 Main Marker"            [id=17420, stack(0x0000002435700000,0x0000002435800000) (1024K)]
  0x000001fcb13e55e0 WorkerThread "G1 Conc#0"                       [id=22336, stack(0x0000002435800000,0x0000002435900000) (1024K)]
  0x000001fd160bfab0 WorkerThread "G1 Conc#1"                       [id=17544, stack(0x0000002436f00000,0x0000002437000000) (1024K)]
  0x000001fccfcbd4c0 ConcurrentGCThread "G1 Refine#0"               [id=11520, stack(0x0000002435900000,0x0000002435a00000) (1024K)]
  0x000001fccfcbdde0 ConcurrentGCThread "G1 Service"                [id=2716, stack(0x0000002435a00000,0x0000002435b00000) (1024K)]
Total: 15

Threads with active compile tasks:
C1 CompilerThread0   304918 5946       3       java.lang.invoke.MethodHandle::asCollectorChecks (75 bytes)
Total: 1

VM state: at safepoint (normal execution)

VM Mutex/Monitor currently owned by a thread:  ([mutex/lock_event])
[0x00007fffe2c5de50] Threads_lock - owner thread: 0x000001fcb13e5980
[0x00007fffe2c5df50] Heap_lock - owner thread: 0x000001fd1a19b900

Heap address: 0x0000000081e00000, size: 2018 MB, Compressed Oops mode: 32-bit

CDS archive(s) mapped at: [0x000001fcd1000000-0x000001fcd1c90000-0x000001fcd1c90000), size 13172736, SharedBaseAddress: 0x000001fcd1000000, ArchiveRelocationMode: 1.
Compressed class space mapped at: 0x000001fcd2000000-0x000001fd12000000, reserved size: 1073741824
Narrow klass base: 0x000001fcd1000000, Narrow klass shift: 0, Narrow klass range: 0x100000000

GC Precious Log:
 CardTable entry size: 512
 Card Set container configuration: InlinePtr #cards 5 size 8 Array Of Cards #cards 12 size 40 Howl #buckets 4 coarsen threshold 1843 Howl Bitmap #cards 512 size 80 coarsen threshold 460 Card regions per heap region 1 cards per card region 2048
 CPUs: 8 total, 8 available
 Memory: 8066M
 Large Page Support: Disabled
 NUMA Support: Disabled
 Compressed Oops: Enabled (32-bit)
 Heap Region Size: 1M
 Heap Min Capacity: 8M
 Heap Initial Capacity: 128M
 Heap Max Capacity: 2018M
 Pre-touch: Disabled
 Parallel Workers: 8
 Concurrent Workers: 2
 Concurrent Refinement Workers: 8
 Periodic GC: Disabled

Heap:
 garbage-first heap   total 67584K, used 56455K [0x0000000081e00000, 0x0000000100000000)
  region size 1024K, 28 young (28672K), 3 survivors (3072K)
 Metaspace       used 70942K, committed 71680K, reserved 1114112K
  class space    used 9537K, committed 9856K, reserved 1048576K

Heap Regions: E=young(eden), S=young(survivor), O=old, HS=humongous(starts), HC=humongous(continues), CS=collection set, F=free, TAMS=top-at-mark-start, PB=parsable bottom
|   0|0x0000000081e00000, 0x0000000081f00000, 0x0000000081f00000|100%|HS|  |TAMS 0x0000000081e00000| PB 0x0000000081f00000| Complete 
|   1|0x0000000081f00000, 0x0000000082000000, 0x0000000082000000|100%|HS|  |TAMS 0x0000000081f00000| PB 0x0000000082000000| Complete 
|   2|0x0000000082000000, 0x0000000082100000, 0x0000000082100000|100%| O|  |TAMS 0x0000000082000000| PB 0x0000000082100000| Untracked 
|   3|0x0000000082100000, 0x0000000082200000, 0x0000000082200000|100%| O|  |TAMS 0x0000000082100000| PB 0x0000000082200000| Untracked 
|   4|0x0000000082200000, 0x0000000082300000, 0x0000000082300000|100%| O|  |TAMS 0x0000000082200000| PB 0x0000000082300000| Untracked 
|   5|0x0000000082300000, 0x0000000082400000, 0x0000000082400000|100%| O|  |TAMS 0x0000000082300000| PB 0x0000000082400000| Untracked 
|   6|0x0000000082400000, 0x0000000082500000, 0x0000000082500000|100%| O|  |TAMS 0x0000000082400000| PB 0x0000000082500000| Untracked 
|   7|0x0000000082500000, 0x0000000082600000, 0x0000000082600000|100%| O|  |TAMS 0x0000000082500000| PB 0x0000000082600000| Untracked 
|   8|0x0000000082600000, 0x0000000082700000, 0x0000000082700000|100%| O|  |TAMS 0x0000000082600000| PB 0x0000000082700000| Untracked 
|   9|0x0000000082700000, 0x0000000082800000, 0x0000000082800000|100%| O|  |TAMS 0x0000000082700000| PB 0x0000000082800000| Untracked 
|  10|0x0000000082800000, 0x0000000082900000, 0x0000000082900000|100%| O|  |TAMS 0x0000000082800000| PB 0x0000000082900000| Untracked 
|  11|0x0000000082900000, 0x0000000082a00000, 0x0000000082a00000|100%| O|  |TAMS 0x0000000082900000| PB 0x0000000082a00000| Untracked 
|  12|0x0000000082a00000, 0x0000000082b00000, 0x0000000082b00000|100%| O|  |TAMS 0x0000000082a00000| PB 0x0000000082b00000| Untracked 
|  13|0x0000000082b00000, 0x0000000082c00000, 0x0000000082c00000|100%| O|  |TAMS 0x0000000082b00000| PB 0x0000000082c00000| Untracked 
|  14|0x0000000082c00000, 0x0000000082d00000, 0x0000000082d00000|100%| O|  |TAMS 0x0000000082c00000| PB 0x0000000082d00000| Untracked 
|  15|0x0000000082d00000, 0x0000000082d00000, 0x0000000082e00000|  0%| F|  |TAMS 0x0000000082d00000| PB 0x0000000082d00000| Untracked 
|  16|0x0000000082e00000, 0x0000000082f00000, 0x0000000082f00000|100%| O|  |TAMS 0x0000000082e00000| PB 0x0000000082f00000| Untracked 
|  17|0x0000000082f00000, 0x0000000083000000, 0x0000000083000000|100%| O|  |TAMS 0x0000000082f00000| PB 0x0000000083000000| Untracked 
|  18|0x0000000083000000, 0x0000000083100000, 0x0000000083100000|100%| O|  |TAMS 0x0000000083000000| PB 0x0000000083100000| Untracked 
|  19|0x0000000083100000, 0x0000000083200000, 0x0000000083200000|100%| O|  |TAMS 0x0000000083100000| PB 0x0000000083200000| Untracked 
|  20|0x0000000083200000, 0x0000000083300000, 0x0000000083300000|100%| O|  |TAMS 0x0000000083200000| PB 0x0000000083300000| Untracked 
|  21|0x0000000083300000, 0x0000000083400000, 0x0000000083400000|100%| O|  |TAMS 0x0000000083300000| PB 0x0000000083400000| Untracked 
|  22|0x0000000083400000, 0x0000000083500000, 0x0000000083500000|100%| O|  |TAMS 0x0000000083400000| PB 0x0000000083500000| Untracked 
|  23|0x0000000083500000, 0x0000000083500000, 0x0000000083600000|  0%| F|  |TAMS 0x0000000083500000| PB 0x0000000083500000| Untracked 
|  24|0x0000000083600000, 0x0000000083600000, 0x0000000083700000|  0%| F|  |TAMS 0x0000000083600000| PB 0x0000000083600000| Untracked 
|  25|0x0000000083700000, 0x0000000083700000, 0x0000000083800000|  0%| F|  |TAMS 0x0000000083700000| PB 0x0000000083700000| Untracked 
|  26|0x0000000083800000, 0x0000000083800000, 0x0000000083900000|  0%| F|  |TAMS 0x0000000083800000| PB 0x0000000083800000| Untracked 
|  27|0x0000000083900000, 0x0000000083900000, 0x0000000083a00000|  0%| F|  |TAMS 0x0000000083900000| PB 0x0000000083900000| Untracked 
|  28|0x0000000083a00000, 0x0000000083b00000, 0x0000000083b00000|100%| O|  |TAMS 0x0000000083a00000| PB 0x0000000083b00000| Untracked 
|  29|0x0000000083b00000, 0x0000000083c00000, 0x0000000083c00000|100%| O|  |TAMS 0x0000000083b00000| PB 0x0000000083c00000| Untracked 
|  30|0x0000000083c00000, 0x0000000083d00000, 0x0000000083d00000|100%| O|  |TAMS 0x0000000083c00000| PB 0x0000000083d00000| Untracked 
|  31|0x0000000083d00000, 0x0000000083dc7600, 0x0000000083e00000| 77%| O|  |TAMS 0x0000000083d00000| PB 0x0000000083dc7600| Untracked 
|  32|0x0000000083e00000, 0x0000000083e00000, 0x0000000083f00000|  0%| F|  |TAMS 0x0000000083e00000| PB 0x0000000083e00000| Untracked 
|  33|0x0000000083f00000, 0x0000000083f6f8e0, 0x0000000084000000| 43%| S|  |TAMS 0x0000000083f00000| PB 0x0000000083f6f8e0| Complete 
|  34|0x0000000084000000, 0x0000000084100000, 0x0000000084100000|100%| S|  |TAMS 0x0000000084000000| PB 0x0000000084100000| Complete 
|  35|0x0000000084100000, 0x0000000084200000, 0x0000000084200000|100%| S|  |TAMS 0x0000000084100000| PB 0x0000000084200000| Complete 
|  36|0x0000000084200000, 0x0000000084200000, 0x0000000084300000|  0%| F|  |TAMS 0x0000000084200000| PB 0x0000000084200000| Untracked 
|  37|0x0000000084300000, 0x0000000084300000, 0x0000000084400000|  0%| F|  |TAMS 0x0000000084300000| PB 0x0000000084300000| Untracked 
|  38|0x0000000084400000, 0x0000000084400000, 0x0000000084500000|  0%| F|  |TAMS 0x0000000084400000| PB 0x0000000084400000| Untracked 
|  39|0x0000000084500000, 0x00000000845eae08, 0x0000000084600000| 91%| E|  |TAMS 0x0000000084500000| PB 0x00000000845eae08| Complete 
|  40|0x0000000084600000, 0x0000000084700000, 0x0000000084700000|100%| E|  |TAMS 0x0000000084600000| PB 0x0000000084700000| Complete 
|  41|0x0000000084700000, 0x0000000084800000, 0x0000000084800000|100%| E|  |TAMS 0x0000000084700000| PB 0x0000000084800000| Complete 
|  42|0x0000000084800000, 0x0000000084900000, 0x0000000084900000|100%| E|  |TAMS 0x0000000084800000| PB 0x0000000084900000| Complete 
|  43|0x0000000084900000, 0x0000000084a00000, 0x0000000084a00000|100%| E|  |TAMS 0x0000000084900000| PB 0x0000000084a00000| Complete 
|  44|0x0000000084a00000, 0x0000000084b00000, 0x0000000084b00000|100%| E|  |TAMS 0x0000000084a00000| PB 0x0000000084b00000| Complete 
|  45|0x0000000084b00000, 0x0000000084c00000, 0x0000000084c00000|100%| E|  |TAMS 0x0000000084b00000| PB 0x0000000084c00000| Complete 
|  46|0x0000000084c00000, 0x0000000084d00000, 0x0000000084d00000|100%| E|  |TAMS 0x0000000084c00000| PB 0x0000000084d00000| Complete 
|  47|0x0000000084d00000, 0x0000000084e00000, 0x0000000084e00000|100%| E|  |TAMS 0x0000000084d00000| PB 0x0000000084e00000| Complete 
|  48|0x0000000084e00000, 0x0000000084f00000, 0x0000000084f00000|100%| E|  |TAMS 0x0000000084e00000| PB 0x0000000084f00000| Complete 
|  49|0x0000000084f00000, 0x0000000085000000, 0x0000000085000000|100%| E|  |TAMS 0x0000000084f00000| PB 0x0000000085000000| Complete 
|  50|0x0000000085000000, 0x0000000085100000, 0x0000000085100000|100%| E|  |TAMS 0x0000000085000000| PB 0x0000000085100000| Complete 
|  51|0x0000000085100000, 0x0000000085200000, 0x0000000085200000|100%| E|  |TAMS 0x0000000085100000| PB 0x0000000085200000| Complete 
|  52|0x0000000085200000, 0x0000000085300000, 0x0000000085300000|100%| E|  |TAMS 0x0000000085200000| PB 0x0000000085300000| Complete 
|  53|0x0000000085300000, 0x0000000085400000, 0x0000000085400000|100%| E|  |TAMS 0x0000000085300000| PB 0x0000000085400000| Complete 
|  54|0x0000000085400000, 0x0000000085500000, 0x0000000085500000|100%| E|  |TAMS 0x0000000085400000| PB 0x0000000085500000| Complete 
|  70|0x0000000086400000, 0x0000000086500000, 0x0000000086500000|100%| E|  |TAMS 0x0000000086400000| PB 0x0000000086500000| Complete 
|  71|0x0000000086500000, 0x0000000086600000, 0x0000000086600000|100%| E|  |TAMS 0x0000000086500000| PB 0x0000000086600000| Complete 
|  72|0x0000000086600000, 0x0000000086700000, 0x0000000086700000|100%| E|  |TAMS 0x0000000086600000| PB 0x0000000086700000| Complete 
|  73|0x0000000086700000, 0x0000000086800000, 0x0000000086800000|100%| E|  |TAMS 0x0000000086700000| PB 0x0000000086800000| Complete 
|  74|0x0000000086800000, 0x0000000086900000, 0x0000000086900000|100%| E|  |TAMS 0x0000000086800000| PB 0x0000000086900000| Complete 
|  75|0x0000000086900000, 0x0000000086a00000, 0x0000000086a00000|100%| E|  |TAMS 0x0000000086900000| PB 0x0000000086a00000| Complete 
|  76|0x0000000086a00000, 0x0000000086b00000, 0x0000000086b00000|100%| E|  |TAMS 0x0000000086a00000| PB 0x0000000086b00000| Complete 
| 127|0x0000000089d00000, 0x0000000089e00000, 0x0000000089e00000|100%| E|  |TAMS 0x0000000089d00000| PB 0x0000000089e00000| Complete 
|2015|0x00000000ffd00000, 0x00000000ffe00000, 0x00000000ffe00000|100%| E|  |TAMS 0x00000000ffd00000| PB 0x00000000ffe00000| Complete 
|2016|0x00000000ffe00000, 0x00000000fff00000, 0x00000000fff00000|100%| O|  |TAMS 0x00000000ffe00000| PB 0x00000000fff00000| Untracked 
|2017|0x00000000fff00000, 0x0000000100000000, 0x0000000100000000|100%| O|  |TAMS 0x00000000fff00000| PB 0x0000000100000000| Untracked 

Card table byte_map: [0x000001fccb330000,0x000001fccb730000] _byte_map_base: 0x000001fccaf21000

Marking Bits: (CMBitMap*) 0x000001fcb37f20a0
 Bits: [0x000001fccb730000, 0x000001fccd6b8000)

Polling page: 0x000001fcb16c0000

Metaspace:

Usage:
  Non-class:     59.97 MB used.
      Class:      9.31 MB used.
       Both:     69.28 MB used.

Virtual space:
  Non-class space:       64.00 MB reserved,      60.38 MB ( 94%) committed,  1 nodes.
      Class space:        1.00 GB reserved,       9.62 MB ( <1%) committed,  1 nodes.
             Both:        1.06 GB reserved,      70.00 MB (  6%) committed. 

Chunk freelists:
   Non-Class:  3.18 MB
       Class:  6.34 MB
        Both:  9.52 MB

MaxMetaspaceSize: unlimited
CompressedClassSpaceSize: 1.00 GB
Initial GC threshold: 21.00 MB
Current GC threshold: 98.69 MB
CDS: on
 - commit_granule_bytes: 65536.
 - commit_granule_words: 8192.
 - virtual_space_node_default_size: 8388608.
 - enlarge_chunks_in_place: 1.
 - use_allocation_guard: 0.


Internal statistics:

num_allocs_failed_limit: 9.
num_arena_births: 1014.
num_arena_deaths: 0.
num_vsnodes_births: 2.
num_vsnodes_deaths: 0.
num_space_committed: 1120.
num_space_uncommitted: 0.
num_chunks_returned_to_freelist: 9.
num_chunks_taken_from_freelist: 3677.
num_chunk_merges: 9.
num_chunk_splits: 2615.
num_chunks_enlarged: 2011.
num_inconsistent_stats: 0.

CodeHeap 'non-profiled nmethods': size=120000Kb used=3816Kb max_used=3816Kb free=116183Kb
 bounds [0x000001fcc36d0000, 0x000001fcc3a90000, 0x000001fccac00000]
CodeHeap 'profiled nmethods': size=120000Kb used=10333Kb max_used=10333Kb free=109666Kb
 bounds [0x000001fcbbc00000, 0x000001fcbc620000, 0x000001fcc3130000]
CodeHeap 'non-nmethods': size=5760Kb used=1669Kb max_used=1729Kb free=4090Kb
 bounds [0x000001fcc3130000, 0x000001fcc33a0000, 0x000001fcc36d0000]
 total_blobs=5910 nmethods=5203 adapters=611
 compilation: enabled
              stopped_count=0, restarted_count=0
 full_count=0

Compilation events (20 events):
Event: 304.795 Thread 0x000001fcd018a430 nmethod 5936 0x000001fcbc611b90 code [0x000001fcbc611d80, 0x000001fcbc612358]
Event: 304.795 Thread 0x000001fcd018a430 5937       3       java.io.ObjectOutputStream$BlockDataOutputStream::writeBytes (144 bytes)
Event: 304.796 Thread 0x000001fcd018a430 nmethod 5937 0x000001fcbc612610 code [0x000001fcbc612820, 0x000001fcbc612eb8]
Event: 304.796 Thread 0x000001fcd018a430 5938   !   3       java.io.BufferedOutputStream::write (73 bytes)
Event: 304.796 Thread 0x000001fcd0189690 5940       4       java.lang.invoke.MethodHandles$Lookup::checkAccess (200 bytes)
Event: 304.797 Thread 0x000001fcd018a430 nmethod 5938 0x000001fcbc613210 code [0x000001fcbc6134a0, 0x000001fcbc614148]
Event: 304.797 Thread 0x000001fcd018a430 5939       3       jdk.internal.util.ByteArray::setInt (10 bytes)
Event: 304.797 Thread 0x000001fcd018a430 nmethod 5939 0x000001fcbc614590 code [0x000001fcbc614780, 0x000001fcbc614cc8]
Event: 304.797 Thread 0x000001fcd018a430 5941       3       jdk.internal.reflect.ClassFileAssembler::getLength (11 bytes)
Event: 304.797 Thread 0x000001fcd018a430 nmethod 5941 0x000001fcbc614f10 code [0x000001fcbc6150c0, 0x000001fcbc615290]
Event: 304.798 Thread 0x000001fcd018a430 5942       3       java.io.ObjectStreamField::isPrimitive (23 bytes)
Event: 304.799 Thread 0x000001fcd018a430 nmethod 5942 0x000001fcbc615390 code [0x000001fcbc6155a0, 0x000001fcbc615c68]
Event: 304.799 Thread 0x000001fcd018a430 5943       3       java.lang.invoke.MethodHandles$Lookup::findVirtual (91 bytes)
Event: 304.800 Thread 0x000001fcd018a430 nmethod 5943 0x000001fcbc615f10 code [0x000001fcbc6161c0, 0x000001fcbc616d70]
Event: 304.800 Thread 0x000001fcd018a430 5944       3       java.io.ObjectOutputStream$BlockDataOutputStream::drain (45 bytes)
Event: 304.800 Thread 0x000001fcd018a430 nmethod 5944 0x000001fcbc617210 code [0x000001fcbc6173e0, 0x000001fcbc6176b0]
Event: 304.801 Thread 0x000001fcd0189690 nmethod 5940 0x000001fcc3a89310 code [0x000001fcc3a89500, 0x000001fcc3a898f0]
Event: 304.802 Thread 0x000001fcd0189690 5945       4       java.util.LinkedHashMap::values (5 bytes)
Event: 304.804 Thread 0x000001fcd0189690 nmethod 5945 0x000001fcc3a89c10 code [0x000001fcc3a89da0, 0x000001fcc3a89fd8]
Event: 304.804 Thread 0x000001fcd018a430 5946       3       java.lang.invoke.MethodHandle::asCollectorChecks (75 bytes)

GC Heap History (20 events):
Event: 1.761 GC heap after
{Heap after GC invocations=2 (full 0):
 garbage-first heap   total 131072K, used 10606K [0x0000000081e00000, 0x0000000100000000)
  region size 1024K, 3 young (3072K), 3 survivors (3072K)
 Metaspace       used 13237K, committed 13504K, reserved 1114112K
  class space    used 1597K, committed 1728K, reserved 1048576K
}
Event: 3.248 GC heap before
{Heap before GC invocations=2 (full 0):
 garbage-first heap   total 131072K, used 58734K [0x0000000081e00000, 0x0000000100000000)
  region size 1024K, 51 young (52224K), 3 survivors (3072K)
 Metaspace       used 21189K, committed 21504K, reserved 1114112K
  class space    used 2571K, committed 2752K, reserved 1048576K
}
Event: 3.257 GC heap after
{Heap after GC invocations=3 (full 0):
 garbage-first heap   total 131072K, used 14918K [0x0000000081e00000, 0x0000000100000000)
  region size 1024K, 7 young (7168K), 7 survivors (7168K)
 Metaspace       used 21189K, committed 21504K, reserved 1114112K
  class space    used 2571K, committed 2752K, reserved 1048576K
}
Event: 4.941 GC heap before
{Heap before GC invocations=4 (full 0):
 garbage-first heap   total 55296K, used 54854K [0x0000000081e00000, 0x0000000100000000)
  region size 1024K, 46 young (47104K), 7 survivors (7168K)
 Metaspace       used 28520K, committed 29056K, reserved 1114112K
  class space    used 3577K, committed 3840K, reserved 1048576K
}
Event: 4.954 GC heap after
{Heap after GC invocations=5 (full 0):
 garbage-first heap   total 67584K, used 19043K [0x0000000081e00000, 0x0000000100000000)
  region size 1024K, 9 young (9216K), 9 survivors (9216K)
 Metaspace       used 28520K, committed 29056K, reserved 1114112K
  class space    used 3577K, committed 3840K, reserved 1048576K
}
Event: 5.879 GC heap before
{Heap before GC invocations=5 (full 0):
 garbage-first heap   total 67584K, used 49763K [0x0000000081e00000, 0x0000000100000000)
  region size 1024K, 39 young (39936K), 9 survivors (9216K)
 Metaspace       used 35363K, committed 35904K, reserved 1114112K
  class space    used 4362K, committed 4608K, reserved 1048576K
}
Event: 5.888 GC heap after
{Heap after GC invocations=6 (full 0):
 garbage-first heap   total 67584K, used 21238K [0x0000000081e00000, 0x0000000100000000)
  region size 1024K, 3 young (3072K), 3 survivors (3072K)
 Metaspace       used 35363K, committed 35904K, reserved 1114112K
  class space    used 4362K, committed 4608K, reserved 1048576K
}
Event: 5.891 GC heap before
{Heap before GC invocations=6 (full 0):
 garbage-first heap   total 67584K, used 21238K [0x0000000081e00000, 0x0000000100000000)
  region size 1024K, 4 young (4096K), 3 survivors (3072K)
 Metaspace       used 35470K, committed 35968K, reserved 1114112K
  class space    used 4362K, committed 4608K, reserved 1048576K
}
Event: 5.895 GC heap after
{Heap after GC invocations=7 (full 0):
 garbage-first heap   total 67584K, used 20545K [0x0000000081e00000, 0x0000000100000000)
  region size 1024K, 3 young (3072K), 3 survivors (3072K)
 Metaspace       used 35470K, committed 35968K, reserved 1114112K
  class space    used 4362K, committed 4608K, reserved 1048576K
}
Event: 7.115 GC heap before
{Heap before GC invocations=8 (full 0):
 garbage-first heap   total 67584K, used 54337K [0x0000000081e00000, 0x0000000100000000)
  region size 1024K, 36 young (36864K), 3 survivors (3072K)
 Metaspace       used 44571K, committed 45120K, reserved 1114112K
  class space    used 5784K, committed 6016K, reserved 1048576K
}
Event: 7.119 GC heap after
{Heap after GC invocations=9 (full 0):
 garbage-first heap   total 67584K, used 22236K [0x0000000081e00000, 0x0000000100000000)
  region size 1024K, 4 young (4096K), 4 survivors (4096K)
 Metaspace       used 44571K, committed 45120K, reserved 1114112K
  class space    used 5784K, committed 6016K, reserved 1048576K
}
Event: 8.017 GC heap before
{Heap before GC invocations=9 (full 0):
 garbage-first heap   total 67584K, used 56028K [0x0000000081e00000, 0x0000000100000000)
  region size 1024K, 37 young (37888K), 4 survivors (4096K)
 Metaspace       used 54819K, committed 55424K, reserved 1114112K
  class space    used 7338K, committed 7616K, reserved 1048576K
}
Event: 8.023 GC heap after
{Heap after GC invocations=10 (full 0):
 garbage-first heap   total 67584K, used 23659K [0x0000000081e00000, 0x0000000100000000)
  region size 1024K, 4 young (4096K), 4 survivors (4096K)
 Metaspace       used 54819K, committed 55424K, reserved 1114112K
  class space    used 7338K, committed 7616K, reserved 1048576K
}
Event: 8.638 GC heap before
{Heap before GC invocations=10 (full 0):
 garbage-first heap   total 67584K, used 45163K [0x0000000081e00000, 0x0000000100000000)
  region size 1024K, 26 young (26624K), 4 survivors (4096K)
 Metaspace       used 59704K, committed 60288K, reserved 1114112K
  class space    used 7989K, committed 8256K, reserved 1048576K
}
Event: 8.646 GC heap after
{Heap after GC invocations=11 (full 0):
 garbage-first heap   total 67584K, used 25689K [0x0000000081e00000, 0x0000000100000000)
  region size 1024K, 4 young (4096K), 4 survivors (4096K)
 Metaspace       used 59704K, committed 60288K, reserved 1114112K
  class space    used 7989K, committed 8256K, reserved 1048576K
}
Event: 9.885 GC heap before
{Heap before GC invocations=12 (full 0):
 garbage-first heap   total 67584K, used 58457K [0x0000000081e00000, 0x0000000100000000)
  region size 1024K, 36 young (36864K), 4 survivors (4096K)
 Metaspace       used 64430K, committed 65088K, reserved 1114112K
  class space    used 8730K, committed 9024K, reserved 1048576K
}
Event: 9.893 GC heap after
{Heap after GC invocations=13 (full 0):
 garbage-first heap   total 67584K, used 28998K [0x0000000081e00000, 0x0000000100000000)
  region size 1024K, 5 young (5120K), 5 survivors (5120K)
 Metaspace       used 64430K, committed 65088K, reserved 1114112K
  class space    used 8730K, committed 9024K, reserved 1048576K
}
Event: 79.779 GC heap before
{Heap before GC invocations=13 (full 0):
 garbage-first heap   total 67584K, used 56646K [0x0000000081e00000, 0x0000000100000000)
  region size 1024K, 33 young (33792K), 5 survivors (5120K)
 Metaspace       used 68591K, committed 69248K, reserved 1114112K
  class space    used 9268K, committed 9536K, reserved 1048576K
}
Event: 79.788 GC heap after
{Heap after GC invocations=14 (full 0):
 garbage-first heap   total 67584K, used 30939K [0x0000000081e00000, 0x0000000100000000)
  region size 1024K, 3 young (3072K), 3 survivors (3072K)
 Metaspace       used 68591K, committed 69248K, reserved 1114112K
  class space    used 9268K, committed 9536K, reserved 1048576K
}
Event: 304.805 GC heap before
{Heap before GC invocations=14 (full 0):
 garbage-first heap   total 67584K, used 54491K [0x0000000081e00000, 0x0000000100000000)
  region size 1024K, 28 young (28672K), 3 survivors (3072K)
 Metaspace       used 70942K, committed 71680K, reserved 1114112K
  class space    used 9537K, committed 9856K, reserved 1048576K
}

Dll operation events (11 events):
Event: 0.008 Loaded shared library C:\Program Files\Java\jdk-21\bin\java.dll
Event: 0.044 Loaded shared library C:\Program Files\Java\jdk-21\bin\jsvml.dll
Event: 0.128 Loaded shared library C:\Program Files\Java\jdk-21\bin\net.dll
Event: 0.130 Loaded shared library C:\Program Files\Java\jdk-21\bin\nio.dll
Event: 0.134 Loaded shared library C:\Program Files\Java\jdk-21\bin\zip.dll
Event: 0.294 Loaded shared library C:\Program Files\Java\jdk-21\bin\jimage.dll
Event: 0.714 Loaded shared library C:\Program Files\Java\jdk-21\bin\management.dll
Event: 0.723 Loaded shared library C:\Program Files\Java\jdk-21\bin\management_ext.dll
Event: 2.040 Loaded shared library C:\Program Files\Java\jdk-21\bin\sunmscapi.dll
Event: 6.372 Loaded shared library C:\Program Files\Java\jdk-21\bin\verify.dll
Event: 10.049 Loaded shared library C:\Program Files\Java\jdk-21\bin\extnet.dll

Deoptimization events (20 events):
Event: 304.734 Thread 0x000001fd1a19bf90 Uncommon trap: trap_request=0xffffff45 fr.pc=0x000001fcc3721f84 relative=0x0000000000000064
Event: 304.734 Thread 0x000001fd1a19bf90 Uncommon trap: reason=unstable_if action=reinterpret pc=0x000001fcc3721f84 method=java.net.URI.match(CJJ)Z @ 19 c2
Event: 304.734 Thread 0x000001fd1a19bf90 DEOPT PACKING pc=0x000001fcc3721f84 sp=0x00000024354fe580
Event: 304.734 Thread 0x000001fd1a19bf90 DEOPT UNPACKING pc=0x000001fcc31846a2 sp=0x00000024354fe510 mode 2
Event: 304.737 Thread 0x000001fd1a19a550 Uncommon trap: trap_request=0xffffff45 fr.pc=0x000001fcc3a4b7f8 relative=0x0000000000000058
Event: 304.737 Thread 0x000001fd1a1970d0 Uncommon trap: trap_request=0xffffff45 fr.pc=0x000001fcc3a4b7f8 relative=0x0000000000000058
Event: 304.737 Thread 0x000001fd1a19a550 Uncommon trap: reason=unstable_if action=reinterpret pc=0x000001fcc3a4b7f8 method=java.lang.Thread.getAndClearInterrupt()Z @ 6 c2
Event: 304.737 Thread 0x000001fd1a1970d0 Uncommon trap: reason=unstable_if action=reinterpret pc=0x000001fcc3a4b7f8 method=java.lang.Thread.getAndClearInterrupt()Z @ 6 c2
Event: 304.737 Thread 0x000001fd1a1970d0 DEOPT PACKING pc=0x000001fcc3a4b7f8 sp=0x0000002437fff190
Event: 304.737 Thread 0x000001fd1a19a550 DEOPT PACKING pc=0x000001fcc3a4b7f8 sp=0x0000002437efeef0
Event: 304.737 Thread 0x000001fd1a1970d0 DEOPT UNPACKING pc=0x000001fcc31846a2 sp=0x0000002437fff0c8 mode 2
Event: 304.737 Thread 0x000001fd1a19a550 DEOPT UNPACKING pc=0x000001fcc31846a2 sp=0x0000002437efee28 mode 2
Event: 304.744 Thread 0x000001fd1a19b900 Uncommon trap: trap_request=0xffffffde fr.pc=0x000001fcc36d18bc relative=0x000000000000025c
Event: 304.744 Thread 0x000001fd1a19b900 Uncommon trap: reason=class_check action=maybe_recompile pc=0x000001fcc36d18bc method=java.util.concurrent.locks.ReentrantLock$Sync.lock()V @ 1 c2
Event: 304.744 Thread 0x000001fd1a19b900 DEOPT PACKING pc=0x000001fcc36d18bc sp=0x00000024353fde20
Event: 304.744 Thread 0x000001fd1a19b900 DEOPT UNPACKING pc=0x000001fcc31846a2 sp=0x00000024353fdd80 mode 2
Event: 304.744 Thread 0x000001fd1a19b900 Uncommon trap: trap_request=0xffffffde fr.pc=0x000001fcc36d18bc relative=0x000000000000025c
Event: 304.744 Thread 0x000001fd1a19b900 Uncommon trap: reason=class_check action=maybe_recompile pc=0x000001fcc36d18bc method=java.util.concurrent.locks.ReentrantLock$Sync.lock()V @ 1 c2
Event: 304.744 Thread 0x000001fd1a19b900 DEOPT PACKING pc=0x000001fcc36d18bc sp=0x00000024353fe160
Event: 304.744 Thread 0x000001fd1a19b900 DEOPT UNPACKING pc=0x000001fcc31846a2 sp=0x00000024353fe0c0 mode 2

Classes loaded (20 events):
Event: 304.787 Loading class java/io/ObjectStreamClass$4
Event: 304.787 Loading class java/io/ObjectStreamClass$4 done
Event: 304.787 Loading class java/io/ObjectStreamClass$5
Event: 304.787 Loading class java/io/ObjectStreamClass$5 done
Event: 304.796 Loading class sun/util/locale/LocaleExtensions
Event: 304.796 Loading class sun/util/locale/LocaleExtensions done
Event: 304.797 Loading class java/util/Locale$FilteringMode
Event: 304.797 Loading class java/util/Locale$FilteringMode done
Event: 304.797 Loading class java/util/Locale$IsoCountryCode
Event: 304.798 Loading class java/util/Locale$IsoCountryCode done
Event: 304.798 Loading class java/io/ObjectOutputStream$PutFieldImpl
Event: 304.800 Loading class java/io/ObjectOutputStream$PutField
Event: 304.800 Loading class java/io/ObjectOutputStream$PutField done
Event: 304.800 Loading class java/io/ObjectOutputStream$PutFieldImpl done
Event: 304.800 Loading class java/io/FileOutputStream$1
Event: 304.800 Loading class java/io/FileOutputStream$1 done
Event: 304.804 Loading class java/util/WeakHashMap$KeyIterator
Event: 304.804 Loading class java/util/WeakHashMap$HashIterator
Event: 304.804 Loading class java/util/WeakHashMap$HashIterator done
Event: 304.804 Loading class java/util/WeakHashMap$KeyIterator done

Classes unloaded (0 events):
No events

Classes redefined (0 events):
No events

Internal exceptions (20 events):
Event: 8.628 Thread 0x000001fcd091e170 Exception <a 'java/lang/IncompatibleClassChangeError'{0x000000008498e1d8}: Found class java.lang.Object, but interface was expected> (0x000000008498e1d8) 
thrown [s\open\src\hotspot\share\interpreter\linkResolver.cpp, line 840]
Event: 8.629 Thread 0x000001fcd091e170 Exception <a 'java/lang/IncompatibleClassChangeError'{0x0000000084993b00}: Found class java.lang.Object, but interface was expected> (0x0000000084993b00) 
thrown [s\open\src\hotspot\share\interpreter\linkResolver.cpp, line 840]
Event: 8.854 Thread 0x000001fcd091e170 Exception <a 'java/lang/NoSuchMethodError'{0x00000000868848d8}: 'java.lang.Object java.lang.invoke.DirectMethodHandle$Holder.newInvokeSpecial(java.lang.Object, java.lang.Object, java.lang.Object, java.lang.Object, java.lang.Object, java.lang.Object, java.lang.Object, java.lang.Object)'> (0x00000000868848d8) 
thrown [s\open\src\hotspot\share\interpreter\linkResolver.cpp, line 773]
Event: 8.915 Thread 0x000001fcd091e170 Exception <a 'sun/nio/fs/WindowsException'{0x000000008661a048}> (0x000000008661a048) 
thrown [s\open\src\hotspot\share\prims\jni.cpp, line 520]
Event: 9.372 Thread 0x000001fcd091e170 Exception <a 'java/lang/IncompatibleClassChangeError'{0x0000000084bc78a8}: Found class java.lang.Object, but interface was expected> (0x0000000084bc78a8) 
thrown [s\open\src\hotspot\share\interpreter\linkResolver.cpp, line 840]
Event: 9.623 Thread 0x000001fcd091e170 Exception <a 'java/lang/NoSuchMethodError'{0x000000008402ae68}: 'void java.lang.invoke.DirectMethodHandle$Holder.invokeVirtual(java.lang.Object, java.lang.Object, long)'> (0x000000008402ae68) 
thrown [s\open\src\hotspot\share\interpreter\linkResolver.cpp, line 773]
Event: 9.701 Thread 0x000001fcd091e170 Exception <a 'java/lang/NoSuchMethodError'{0x0000000083e78958}: 'int java.lang.invoke.DirectMethodHandle$Holder.invokeStaticInit(java.lang.Object, java.lang.Object, java.lang.Object, java.lang.Object)'> (0x0000000083e78958) 
thrown [s\open\src\hotspot\share\interpreter\linkResolver.cpp, line 773]
Event: 9.841 Thread 0x000001fcd091e170 Exception <a 'java/lang/IncompatibleClassChangeError'{0x0000000083be9158}: Found class java.lang.Object, but interface was expected> (0x0000000083be9158) 
thrown [s\open\src\hotspot\share\interpreter\linkResolver.cpp, line 840]
Event: 9.859 Thread 0x000001fcd091e170 Implicit null exception at 0x000001fcc3833248 to 0x000001fcc38332c8
Event: 9.915 Thread 0x000001fcd091e170 Exception <a 'java/lang/NoSuchMethodError'{0x00000000ffd5c4c8}: 'java.lang.Object java.lang.invoke.Invokers$Holder.invoke_MT(java.lang.Object, java.lang.Object, java.lang.Object, java.lang.Object, java.lang.Object, java.lang.Object, java.lang.Object, java.lang.Object, java.lang.Object, java.lang.Object, java.lang.Object)'> (0x00000000ffd5c4c8) 
thrown [s\open\src\hotspot\share\interpreter\linkResolver.cpp, line 773]
Event: 10.080 Thread 0x000001fcd091e170 Exception <a 'java/lang/NoSuchMethodError'{0x0000000086806c90}: 'java.lang.Object java.lang.invoke.DirectMethodHandle$Holder.newInvokeSpecial(java.lang.Object, java.lang.Object, int, java.lang.Object, java.lang.Object)'> (0x0000000086806c90) 
thrown [s\open\src\hotspot\share\interpreter\linkResolver.cpp, line 773]
Event: 42.432 Thread 0x000001fd1a198480 Exception <a 'java/lang/NoSuchMethodError'{0x00000000853490b8}: 'java.lang.Object java.lang.invoke.DirectMethodHandle$Holder.invokeStatic(java.lang.Object, java.lang.Object, java.lang.Object, int, int)'> (0x00000000853490b8) 
thrown [s\open\src\hotspot\share\interpreter\linkResolver.cpp, line 773]
Event: 42.433 Thread 0x000001fd1a198480 Exception <a 'java/lang/NoSuchMethodError'{0x000000008534c868}: 'java.lang.Object java.lang.invoke.DirectMethodHandle$Holder.invokeStaticInit(java.lang.Object, java.lang.Object, java.lang.Object, int, int)'> (0x000000008534c868) 
thrown [s\open\src\hotspot\share\interpreter\linkResolver.cpp, line 773]
Event: 42.470 Thread 0x000001fd168cc7f0 Exception <a 'java/lang/NoSuchMethodError'{0x000000008527f250}: 'java.lang.Object java.lang.invoke.DirectMethodHandle$Holder.invokeSpecial(java.lang.Object, java.lang.Object, java.lang.Object, java.lang.Object, java.lang.Object, long)'> (0x000000008527f250) 
thrown [s\open\src\hotspot\share\interpreter\linkResolver.cpp, line 773]
Event: 42.470 Thread 0x000001fd168cc7f0 Exception <a 'java/lang/NoSuchMethodError'{0x0000000085282a20}: 'java.lang.Object java.lang.invoke.Invokers$Holder.linkToTargetMethod(java.lang.Object, java.lang.Object, java.lang.Object, long, java.lang.Object)'> (0x0000000085282a20) 
thrown [s\open\src\hotspot\share\interpreter\linkResolver.cpp, line 773]
Event: 42.517 Thread 0x000001fd168cc7f0 Exception <a 'java/lang/NoSuchMethodError'{0x000000008502b410}: 'java.lang.Object java.lang.invoke.DirectMethodHandle$Holder.invokeStatic(java.lang.Object, int, int)'> (0x000000008502b410) 
thrown [s\open\src\hotspot\share\interpreter\linkResolver.cpp, line 773]
Event: 79.827 Thread 0x000001fd168cdba0 Exception <a 'java/lang/NoSuchMethodError'{0x0000000089d64d08}: 'void java.lang.invoke.DirectMethodHandle$Holder.invokeSpecialIFC(java.lang.Object, java.lang.Object, int, java.lang.Object, java.lang.Object, java.lang.Object, java.lang.Object)'> (0x0000000089d64d08) 
thrown [s\open\src\hotspot\share\interpreter\linkResolver.cpp, line 773]
Event: 304.768 Thread 0x000001fd1a19b900 Exception <a 'java/lang/NoSuchMethodError'{0x00000000846f40d0}: 'long java.lang.invoke.Invokers$Holder.invokeExact_MT(java.lang.Object, java.lang.Object)'> (0x00000000846f40d0) 
thrown [s\open\src\hotspot\share\interpreter\linkResolver.cpp, line 773]
Event: 304.787 Thread 0x000001fd1a19b900 Exception <a 'java/lang/NoSuchMethodError'{0x0000000084570c18}: static [Ljava/lang/StackTraceElement;.<clinit>()V> (0x0000000084570c18) 
thrown [s\open\src\hotspot\share\prims\jni.cpp, line 1111]
Event: 304.805 Thread 0x000001fd177ddb50 Exception <a 'java/lang/InterruptedException'{0x00000000845d7b08}: sleep interrupted> (0x00000000845d7b08) 
thrown [s\open\src\hotspot\share\prims\jvm.cpp, line 3074]

ZGC Phase Switch (0 events):
No events

VM Operations (20 events):
Event: 80.789 Executing VM operation: Cleanup done
Event: 103.951 Executing VM operation: Cleanup
Event: 103.951 Executing VM operation: Cleanup done
Event: 142.268 Executing VM operation: Cleanup
Event: 142.268 Executing VM operation: Cleanup done
Event: 144.272 Executing VM operation: Cleanup
Event: 144.272 Executing VM operation: Cleanup done
Event: 195.596 Executing VM operation: Cleanup
Event: 195.596 Executing VM operation: Cleanup done
Event: 198.619 Executing VM operation: Cleanup
Event: 198.619 Executing VM operation: Cleanup done
Event: 200.635 Executing VM operation: Cleanup
Event: 200.635 Executing VM operation: Cleanup done
Event: 205.653 Executing VM operation: Cleanup
Event: 205.653 Executing VM operation: Cleanup done
Event: 208.677 Executing VM operation: Cleanup
Event: 208.677 Executing VM operation: Cleanup done
Event: 211.686 Executing VM operation: Cleanup
Event: 211.686 Executing VM operation: Cleanup done
Event: 304.805 Executing VM operation: G1CollectFull (System.gc())

Events (20 events):
Event: 304.736 Thread 0x000001fd1a198480 Thread exited: 0x000001fd1a198480
Event: 304.736 Thread 0x000001fd1a19bf90 Thread exited: 0x000001fd1a19bf90
Event: 304.737 Thread 0x000001fd1a19b270 Thread exited: 0x000001fd1a19b270
Event: 304.737 Thread 0x000001fd1a199ec0 Thread exited: 0x000001fd1a199ec0
Event: 304.737 Thread 0x000001fd168cdba0 Thread exited: 0x000001fd168cdba0
Event: 304.737 Thread 0x000001fd1a19abe0 Thread exited: 0x000001fd1a19abe0
Event: 304.737 Thread 0x000001fd168ce230 Thread exited: 0x000001fd168ce230
Event: 304.737 Thread 0x000001fd168cc7f0 Thread exited: 0x000001fd168cc7f0
Event: 304.737 Thread 0x000001fd168cd510 Thread exited: 0x000001fd168cd510
Event: 304.737 Thread 0x000001fd1a1970d0 Thread exited: 0x000001fd1a1970d0
Event: 304.738 Thread 0x000001fd1a197760 Thread exited: 0x000001fd1a197760
Event: 304.738 Thread 0x000001fd1a19a550 Thread exited: 0x000001fd1a19a550
Event: 304.738 Thread 0x000001fd1a197df0 Thread exited: 0x000001fd1a197df0
Event: 304.743 Thread 0x000001fcd0189690 Thread added: 0x000001fcd0189690
Event: 304.757 Thread 0x000001fd1a1970d0 Thread added: 0x000001fd1a1970d0
Event: 304.757 Thread 0x000001fd168cef50 Thread exited: 0x000001fd168cef50
Event: 304.758 Thread 0x000001fd1a1970d0 Thread exited: 0x000001fd1a1970d0
Event: 304.804 Thread 0x000001fd177dd4f0 Thread exited: 0x000001fd177dd4f0
Event: 304.804 Thread 0x000001fd186d53b0 Thread exited: 0x000001fd186d53b0
Event: 304.805 Thread 0x000001fd177ddb50 Thread exited: 0x000001fd177ddb50


Dynamic libraries:
0x00007ff6f7830000 - 0x00007ff6f7840000 	C:\Program Files\Java\jdk-21\bin\java.exe
0x00007ff847a40000 - 0x00007ff847ca6000 	C:\WINDOWS\SYSTEM32\ntdll.dll
0x00007ff846650000 - 0x00007ff846719000 	C:\WINDOWS\System32\KERNEL32.DLL
0x00007ff845430000 - 0x00007ff8457fc000 	C:\WINDOWS\System32\KERNELBASE.dll
0x00007ff8451f0000 - 0x00007ff84533b000 	C:\WINDOWS\System32\ucrtbase.dll
0x00007ff843880000 - 0x00007ff843899000 	C:\Program Files\Java\jdk-21\bin\jli.dll
0x00007ff80dda0000 - 0x00007ff80ddbb000 	C:\Program Files\Java\jdk-21\bin\VCRUNTIME140.dll
0x00007ff846890000 - 0x00007ff846942000 	C:\WINDOWS\System32\ADVAPI32.dll
0x00007ff8478d0000 - 0x00007ff847979000 	C:\WINDOWS\System32\msvcrt.dll
0x00007ff845de0000 - 0x00007ff845e86000 	C:\WINDOWS\System32\sechost.dll
0x00007ff8464c0000 - 0x00007ff8465d6000 	C:\WINDOWS\System32\RPCRT4.dll
0x00007ff845b30000 - 0x00007ff845cfa000 	C:\WINDOWS\System32\USER32.dll
0x00007ff843f30000 - 0x00007ff8441ca000 	C:\WINDOWS\WinSxS\amd64_microsoft.windows.common-controls_6595b64144ccf1df_6.0.26100.3912_none_3e07963ce335137e\COMCTL32.dll
0x00007ff845400000 - 0x00007ff845427000 	C:\WINDOWS\System32\win32u.dll
0x00007ff845a00000 - 0x00007ff845a2b000 	C:\WINDOWS\System32\GDI32.dll
0x00007ff844c60000 - 0x00007ff844d92000 	C:\WINDOWS\System32\gdi32full.dll
0x00007ff8450a0000 - 0x00007ff845143000 	C:\WINDOWS\System32\msvcp_win.dll
0x00007ff83a6d0000 - 0x00007ff83a6db000 	C:\WINDOWS\SYSTEM32\VERSION.dll
0x00007ff846d50000 - 0x00007ff846d80000 	C:\WINDOWS\System32\IMM32.DLL
0x0000000057610000 - 0x000000005761c000 	C:\Program Files (x86)\360\Total Security\safemon\SafeWrapper.dll
0x00007ffff98c0000 - 0x00007ffff996c000 	C:\Program Files (x86)\360\Total Security\safemon\libzdtp64.dll
0x00007ff846e00000 - 0x00007ff84752d000 	C:\WINDOWS\System32\SHELL32.dll
0x00007ff844da0000 - 0x00007ff844f14000 	C:\WINDOWS\System32\wintypes.dll
0x00007ff846950000 - 0x00007ff846cd4000 	C:\WINDOWS\System32\combase.dll
0x00007ff8465e0000 - 0x00007ff846649000 	C:\WINDOWS\System32\SHLWAPI.dll
0x00007ff8436c0000 - 0x00007ff8436cc000 	C:\Program Files\Java\jdk-21\bin\vcruntime140_1.dll
0x00007ffff3c40000 - 0x00007ffff3cce000 	C:\Program Files\Java\jdk-21\bin\msvcp140.dll
0x00007fffe2020000 - 0x00007fffe2d3a000 	C:\Program Files\Java\jdk-21\bin\server\jvm.dll
0x00007ff847980000 - 0x00007ff8479f4000 	C:\WINDOWS\System32\WS2_32.dll
0x00007ff844a20000 - 0x00007ff844a7e000 	C:\WINDOWS\SYSTEM32\POWRPROF.dll
0x00007ff828de0000 - 0x00007ff828e16000 	C:\WINDOWS\SYSTEM32\WINMM.dll
0x00007ff844a00000 - 0x00007ff844a14000 	C:\WINDOWS\SYSTEM32\UMPDC.dll
0x00007ff8429f0000 - 0x00007ff842a0a000 	C:\WINDOWS\SYSTEM32\kernel.appcore.dll
0x00007ff831de0000 - 0x00007ff831dea000 	C:\Program Files\Java\jdk-21\bin\jimage.dll
0x00007ff844310000 - 0x00007ff844551000 	C:\WINDOWS\SYSTEM32\DBGHELP.DLL
0x00007ff845910000 - 0x00007ff8459f0000 	C:\WINDOWS\System32\OLEAUT32.dll
0x00007ff8441d0000 - 0x00007ff844209000 	C:\WINDOWS\SYSTEM32\dbgcore.DLL
0x00007ff845150000 - 0x00007ff8451e9000 	C:\WINDOWS\System32\bcryptPrimitives.dll
0x00007ff80d850000 - 0x00007ff80d86f000 	C:\Program Files\Java\jdk-21\bin\java.dll
0x00007ff8418e0000 - 0x00007ff842136000 	C:\WINDOWS\SYSTEM32\windows.storage.dll
0x00007ff8463c0000 - 0x00007ff8464af000 	C:\WINDOWS\System32\SHCORE.dll
0x00007ff844ae0000 - 0x00007ff844b0f000 	C:\WINDOWS\SYSTEM32\profapi.dll
0x00007fffe3710000 - 0x00007fffe37e7000 	C:\Program Files\Java\jdk-21\bin\jsvml.dll
0x00007ff831c80000 - 0x00007ff831c90000 	C:\Program Files\Java\jdk-21\bin\net.dll
0x00007ff837070000 - 0x00007ff83718e000 	C:\WINDOWS\SYSTEM32\WINHTTP.dll
0x00007ff843070000 - 0x00007ff8430da000 	C:\WINDOWS\system32\mswsock.dll
0x00007ff801bf0000 - 0x00007ff801c06000 	C:\Program Files\Java\jdk-21\bin\nio.dll
0x00007ff801bd0000 - 0x00007ff801be8000 	C:\Program Files\Java\jdk-21\bin\zip.dll
0x00007ff831450000 - 0x00007ff83145a000 	C:\Program Files\Java\jdk-21\bin\management.dll
0x00007ff8313c0000 - 0x00007ff8313cb000 	C:\Program Files\Java\jdk-21\bin\management_ext.dll
0x00007ff846df0000 - 0x00007ff846df8000 	C:\WINDOWS\System32\PSAPI.DLL
0x00007ff832160000 - 0x00007ff83216e000 	C:\Program Files\Java\jdk-21\bin\sunmscapi.dll
0x00007ff844f20000 - 0x00007ff845097000 	C:\WINDOWS\System32\CRYPT32.dll
0x00007ff843e70000 - 0x00007ff843ea0000 	C:\WINDOWS\SYSTEM32\ncrypt.dll
0x00007ff843e20000 - 0x00007ff843e5f000 	C:\WINDOWS\SYSTEM32\NTASN1.dll
0x00007ff844680000 - 0x00007ff84469c000 	C:\WINDOWS\SYSTEM32\CRYPTSP.dll
0x00007ff842950000 - 0x00007ff84298a000 	C:\WINDOWS\system32\rsaenh.dll
0x00007ff843110000 - 0x00007ff84313b000 	C:\WINDOWS\SYSTEM32\USERENV.dll
0x00007ff844ab0000 - 0x00007ff844ad6000 	C:\WINDOWS\SYSTEM32\bcrypt.dll
0x00007ff843dd0000 - 0x00007ff843ddc000 	C:\WINDOWS\SYSTEM32\CRYPTBASE.dll
0x00007ff842480000 - 0x00007ff8424b3000 	C:\WINDOWS\SYSTEM32\IPHLPAPI.DLL
0x00007ff846d30000 - 0x00007ff846d3a000 	C:\WINDOWS\System32\NSI.dll
0x00007ff831c10000 - 0x00007ff831c20000 	C:\Program Files\Java\jdk-21\bin\verify.dll
0x00007ff831a30000 - 0x00007ff831a39000 	C:\Program Files\Java\jdk-21\bin\extnet.dll
0x00007ff8300f0000 - 0x00007ff8300f8000 	C:\WINDOWS\system32\wshunix.dll

dbghelp: loaded successfully - version: 4.0.5 - missing functions: none
symbol engine: initialized successfully - sym options: 0x614 - pdb path: .;C:\Program Files\Java\jdk-21\bin;C:\WINDOWS\SYSTEM32;C:\WINDOWS\WinSxS\amd64_microsoft.windows.common-controls_6595b64144ccf1df_6.0.26100.3912_none_3e07963ce335137e;C:\Program Files (x86)\360\Total Security\safemon;C:\Program Files\Java\jdk-21\bin\server

VM Arguments:
java_command: br.edu.fesa.bootcampduo.BootcampduoApplication
java_class_path (initial): C:\Users\Kaiki\Documents\NetBeansProjects\bootcamp_duo_final\target\classes;C:\Users\Kaiki\.m2\repository\org\springframework\boot\spring-boot-starter-data-jpa\3.4.5\spring-boot-starter-data-jpa-3.4.5.jar;C:\Users\Kaiki\.m2\repository\org\springframework\boot\spring-boot-starter\3.4.5\spring-boot-starter-3.4.5.jar;C:\Users\Kaiki\.m2\repository\org\springframework\boot\spring-boot-starter-logging\3.4.5\spring-boot-starter-logging-3.4.5.jar;C:\Users\Kaiki\.m2\repository\ch\qos\logback\logback-classic\1.5.18\logback-classic-1.5.18.jar;C:\Users\Kaiki\.m2\repository\ch\qos\logback\logback-core\1.5.18\logback-core-1.5.18.jar;C:\Users\Kaiki\.m2\repository\org\apache\logging\log4j\log4j-to-slf4j\2.24.3\log4j-to-slf4j-2.24.3.jar;C:\Users\Kaiki\.m2\repository\org\apache\logging\log4j\log4j-api\2.24.3\log4j-api-2.24.3.jar;C:\Users\Kaiki\.m2\repository\org\slf4j\jul-to-slf4j\2.0.17\jul-to-slf4j-2.0.17.jar;C:\Users\Kaiki\.m2\repository\jakarta\annotation\jakarta.annotation-api\2.1.1\jakarta.annotation-api-2.1.1.jar;C:\Users\Kaiki\.m2\repository\org\yaml\snakeyaml\2.3\snakeyaml-2.3.jar;C:\Users\Kaiki\.m2\repository\org\springframework\boot\spring-boot-starter-jdbc\3.4.5\spring-boot-starter-jdbc-3.4.5.jar;C:\Users\Kaiki\.m2\repository\com\zaxxer\HikariCP\5.1.0\HikariCP-5.1.0.jar;C:\Users\Kaiki\.m2\repository\org\springframework\spring-jdbc\6.2.6\spring-jdbc-6.2.6.jar;C:\Users\Kaiki\.m2\repository\org\hibernate\orm\hibernate-core\6.6.13.Final\hibernate-core-6.6.13.Final.jar;C:\Users\Kaiki\.m2\repository\jakarta\persistence\jakarta.persistence-api\3.1.0\jakarta.persistence-api-3.1.0.jar;C:\Users\Kaiki\.m2\repository\jakarta\transaction\jakarta.transaction-api\2.0.1\jakarta.transaction-api-2.0.1.jar;C:\Users\Kaiki\.m2\repository\org\jboss\logging\jboss-logging\3.6.1.Final\jboss-logging-3.6.1.Final.jar;C:\Users\Kaiki\.m2\repository\org\hibernate\common\hibernate-commons-annotations\7.0.3.Final\hibernate-commons-annotations-7.0.3.Final.jar;C:\Users\Kaiki\.m2\repository\io\smallrye\jandex\3.2.0\jandex-3.2.0.jar;C:\Users\Kaiki\.m2\repository\com\fasterxml\classmate\1.7.0\classmate-1.7.0.jar;C:\Users\Kaiki\.m2\repository\net\bytebuddy\byte-buddy\1.15.11\byte-buddy-1.15.11.jar;C:\Users\Kaiki\.m2\repository\org\glassfish\jaxb\jaxb-runtime\4.0.5\jaxb-runtime-4.0.5.jar;C:\Users\Kaiki\.m2\repository\org\glassfish\jaxb\jaxb-core\4.0.5\jaxb-core-4.0.5.jar;C:\Users\Kaiki\.m2\repository\org\eclipse\angus\angus-activation\2.0.2\angus-activation-2.0.2.jar;C:\Users\Kaiki\.m2\repository\org\glassfish\jaxb\txw2\4.0.5\txw2-4.0.5.jar;C:\Users\Kaiki\.m2\repository\com\sun\istack\istack-commons-runtime\4.1.2\istack-commons-runtime-4.1.2.jar;C:\Users\Kaiki\.m2\repository\jakarta\inject\jakarta.inject-api\2.0.1\jakarta.inject-api-2.0.1.jar;C:\Users\Kaiki\.m2\repository\org\antlr\antlr4-runtime\4.13.0\antlr4-runtime-4.13.0.jar;C:\Users\Kaiki\.m2\repository\org\springframework\data\spring-data-jpa\3.4.5\spring-data-jpa-3.4.5.jar;C:\Users\Kaiki\.m2\repository\org\springframework\data\spring-data-commons\3.4.5\spring-data-commons-3.4.5.jar;C:\Users\Kaiki\.m2\repository\org\springframework\spring-orm\6.2.6\spring-orm-6.2.6.jar;C:\Users\Kaiki\.m2\repository\org\springframework\spring-context\6.2.6\spring-context-6.2.6.jar;C:\Users\Kaiki\.m2\repository\org\springframework\spring-tx\6.2.6\spring-tx-6.2.6.jar;C:\Users\Kaiki\.m2\repository\org\springframework\spring-beans\6.2.6\spring-beans-6.2.6.jar;C:\Users\Kaiki\.m2\repository\org\springframework\spring-aspects\6.2.6\spring-aspects-6.2.6.jar;C:\Users\Kaiki\.m2\repository\org\aspectj\aspectjweaver\1.9.24\aspectjweaver-1.9.24.jar;C:\Users\Kaiki\.m2\repository\org\springframework\boot\spring-boot-starter-security\3.4.5\spring-boot-starter-security-3.4.5.jar;C:\Users\Kaiki\.m2\repository\org\springframework\spring-aop\6.2.6\spring-aop-6.2.6.jar;C:\Users\Kaiki\.m2\repository\org\springframework\security\spring-security-config\6.4.5\spring-security-config-6.4.5.jar;C:\Users\Kaiki\.m2\repository\org\springframework\security\spring-security-web\6.4.5\spring-security-web-6.4.5.jar;C:\Users\Kaiki\.m2\repository\org\springframework\spring-expression\6.2.6\spring-expression-6.2.6.jar;C:\Users\Kaiki\.m2\repository\org\springframework\boot\spring-boot-starter-thymeleaf\3.4.5\spring-boot-starter-thymeleaf-3.4.5.jar;C:\Users\Kaiki\.m2\repository\org\thymeleaf\thymeleaf-spring6\3.1.3.RELEASE\thymeleaf-spring6-3.1.3.RELEASE.jar;C:\Users\Kaiki\.m2\repository\org\thymeleaf\thymeleaf\3.1.3.RELEASE\thymeleaf-3.1.3.RELEASE.jar;C:\Users\Kaiki\.m2\repository\org\attoparser\attoparser\2.0.7.RELEASE\attoparser-2.0.7.RELEASE.jar;C:\Users\Kaiki\.m2\repository\org\unbescape\unbescape\1.1.6.RELEASE\unbescape-1.1.6.RELEASE.jar;C:\Users\Kaiki\.m2\repository\org\springframework\boot\spring-boot-starter-web\3.4.5\spring-boot-starter-web-3.4.5.jar;C:\Users\Kaiki\.m2\repository\org\springframework\boot\spring-boot-starter-json\3.4.5\spring-boot-starter-json-3.4.5.jar;C:\Users\Kaiki\.m2\repository\com\fasterxml\jackson\core\jackson-databind\2.18.3\jackson-databind-2.18.3.jar;C:\Users\Kaiki\.m2\repository\com\fasterxml\jackson\core\jackson-annotations\2.18.3\jackson-annotations-2.18.3.jar;C:\Users\Kaiki\.m2\repository\com\fasterxml\jackson\core\jackson-core\2.18.3\jackson-core-2.18.3.jar;C:\Users\Kaiki\.m2\repository\com\fasterxml\jackson\datatype\jackson-datatype-jdk8\2.18.3\jackson-datatype-jdk8-2.18.3.jar;C:\Users\Kaiki\.m2\repository\com\fasterxml\jackson\datatype\jackson-datatype-jsr310\2.18.3\jackson-datatype-jsr310-2.18.3.jar;C:\Users\Kaiki\.m2\repository\com\fasterxml\jackson\module\jackson-module-parameter-names\2.18.3\jackson-module-parameter-names-2.18.3.jar;C:\Users\Kaiki\.m2\repository\org\springframework\boot\spring-boot-starter-tomcat\3.4.5\spring-boot-starter-tomcat-3.4.5.jar;C:\Users\Kaiki\.m2\repository\org\apache\tomcat\embed\tomcat-embed-core\10.1.40\tomcat-embed-core-10.1.40.jar;C:\Users\Kaiki\.m2\repository\org\apache\tomcat\embed\tomcat-embed-el\10.1.40\tomcat-embed-el-10.1.40.jar;C:\Users\Kaiki\.m2\repository\org\apache\tomcat\embed\tomcat-embed-websocket\10.1.40\tomcat-embed-websocket-10.1.40.jar;C:\Users\Kaiki\.m2\repository\org\springframework\spring-web\6.2.6\spring-web-6.2.6.jar;C:\Users\Kaiki\.m2\repository\io\micrometer\micrometer-observation\1.14.6\micrometer-observation-1.14.6.jar;C:\Users\Kaiki\.m2\repository\io\micrometer\micrometer-commons\1.14.6\micrometer-commons-1.14.6.jar;C:\Users\Kaiki\.m2\repository\org\springframework\spring-webmvc\6.2.6\spring-webmvc-6.2.6.jar;C:\Users\Kaiki\.m2\repository\org\thymeleaf\extras\thymeleaf-extras-springsecurity6\3.1.3.RELEASE\thymeleaf-extras-springsecurity6-3.1.3.RELEASE.jar;C:\Users\Kaiki\.m2\repository\org\slf4j\slf4j-api\2.0.17\slf4j-api-2.0.17.jar;C:\Users\Kaiki\.m2\repository\org\springframework\boot\spring-boot-devtools\3.4.5\spring-boot-devtools-3.4.5.jar;C:\Users\Kaiki\.m2\repository\org\springframework\boot\spring-boot\3.4.5\spring-boot-3.4.5.jar;C:\Users\Kaiki\.m2\repository\org\springframework\boot\spring-boot-autoconfigure\3.4.5\spring-boot-autoconfigure-3.4.5.jar;C:\Users\Kaiki\.m2\repository\com\h2database\h2\2.3.232\h2-2.3.232.jar;C:\Users\Kaiki\.m2\repository\jakarta\xml\bind\jakarta.xml.bind-api\4.0.2\jakarta.xml.bind-api-4.0.2.jar;C:\Users\Kaiki\.m2\repository\jakarta\activation\jakarta.activation-api\2.1.3\jakarta.activation-api-2.1.3.jar;C:\Users\Kaiki\.m2\repository\org\springframework\spring-core\6.2.6\spring-core-6.2.6.jar;C:\Users\Kaiki\.m2\repository\org\springframework\spring-jcl\6.2.6\spring-jcl-6.2.6.jar;C:\Users\Kaiki\.m2\repository\org\springframework\security\spring-security-core\6.4.5\spring-security-core-6.4.5.jar;C:\Users\Kaiki\.m2\repository\org\springframework\security\spring-security-crypto\6.4.5\spring-security-crypto-6.4.5.jar;C:\Users\Kaiki\.m2\repository\org\projectlombok\lombok\1.18.38\lombok-1.18.38.jar
Launcher Type: SUN_STANDARD

[Global flags]
     intx CICompilerCount                          = 4                                         {product} {ergonomic}
     uint ConcGCThreads                            = 2                                         {product} {ergonomic}
     uint G1ConcRefinementThreads                  = 8                                         {product} {ergonomic}
   size_t G1HeapRegionSize                         = 1048576                                   {product} {ergonomic}
    uintx GCDrainStackTargetSize                   = 64                                        {product} {ergonomic}
   size_t InitialHeapSize                          = 134217728                                 {product} {ergonomic}
   size_t MarkStackSize                            = 4194304                                   {product} {ergonomic}
   size_t MaxHeapSize                              = 2116026368                                {product} {ergonomic}
   size_t MaxNewSize                               = 1268776960                                {product} {ergonomic}
   size_t MinHeapDeltaBytes                        = 1048576                                   {product} {ergonomic}
   size_t MinHeapSize                              = 8388608                                   {product} {ergonomic}
    uintx NonNMethodCodeHeapSize                   = 5839372                                {pd product} {ergonomic}
    uintx NonProfiledCodeHeapSize                  = 122909434                              {pd product} {ergonomic}
    uintx ProfiledCodeHeapSize                     = 122909434                              {pd product} {ergonomic}
    uintx ReservedCodeCacheSize                    = 251658240                              {pd product} {ergonomic}
     bool SegmentedCodeCache                       = true                                      {product} {ergonomic}
   size_t SoftMaxHeapSize                          = 2116026368                             {manageable} {ergonomic}
     bool UseCompressedOops                        = true                           {product lp64_product} {ergonomic}
     bool UseG1GC                                  = true                                      {product} {ergonomic}
     bool UseLargePagesIndividualAllocation        = false                                  {pd product} {ergonomic}

Logging:
Log output configuration:
 #0: stdout all=warning uptime,level,tags foldmultilines=false
 #1: stderr all=off uptime,level,tags foldmultilines=false

Environment Variables:
JAVA_HOME=C:\Program Files\Java\jdk-21
PATH=C:\Program Files\Common Files\Oracle\Java\javapath;C:\Program Files (x86)\NVIDIA Corporation\PhysX\Common;C:\WINDOWS\system32;C:\WINDOWS;C:\WINDOWS\System32\Wbem;C:\WINDOWS\System32\WindowsPowerShell\v1.0\;C:\WINDOWS\System32\OpenSSH\;C:\Program Files\Git\cmd;C:\Program Files (x86)\Microsoft SQL Server\160\DTS\Binn\;C:\Program Files\Microsoft SQL Server\Client SDK\ODBC\170\Tools\Binn\;C:\Program Files (x86)\Microsoft SQL Server\150\Tools\Binn\;C:\Program Files\Microsoft SQL Server\150\Tools\Binn\;C:\Program Files\Microsoft SQL Server\150\DTS\Binn\;C:\Program Files\dotnet\;C:\Users\Kaiki\AppData\Local\Microsoft\WindowsApps;C:\Users\Kaiki\AppData\Local\Programs\Microsoft VS Code\bin;C:\Users\Kaiki\.dotnet\tools;;C:\Program Files\JetBrains\IntelliJ IDEA Community Edition 2025.1.1.1\bin;
USERNAME=Kaiki
OS=Windows_NT
PROCESSOR_IDENTIFIER=Intel64 Family 6 Model 142 Stepping 12, GenuineIntel
TMP=C:\Users\Kaiki\AppData\Local\Temp
TEMP=C:\Users\Kaiki\AppData\Local\Temp




Periodic native trim disabled

---------------  S Y S T E M  ---------------

OS:
 Windows 11 , 64 bit Build 26100 (10.0.26100.3912)
OS uptime: 1 days 23:59 hours

CPU: total 8 (initial active 8) (4 cores per cpu, 2 threads per core) family 6 model 142 stepping 12 microcode 0xf8, cx8, cmov, fxsr, ht, mmx, 3dnowpref, sse, sse2, sse3, ssse3, sse4.1, sse4.2, popcnt, lzcnt, tsc, tscinvbit, avx, avx2, aes, erms, clmul, bmi1, bmi2, adx, fma, vzeroupper, clflush, clflushopt, rdtscp, f16c
Processor Information for all 8 processors :
  Max Mhz: 1800, Current Mhz: 1600, Mhz Limit: 1584

Memory: 4k page, system-wide physical 8066M (1122M free)
TotalPageFile size 20215M (AvailPageFile size 8064M)
current process WorkingSet (physical memory assigned to process): 244M, peak: 290M
current process commit charge ("private bytes"): 293M, peak: 325M

vm_info: Java HotSpot(TM) 64-Bit Server VM (21.0.7+8-LTS-245) for windows-amd64 JRE (21.0.7+8-LTS-245), built on 2025-02-21T05:11:27Z by "mach5one" with MS VC++ 17.6 (VS2022)

END.
